# JRE version: OpenJDK Runtime Environment (8.0_202-b03) (build 1.8.0_202-release-1483-b03)
# Java VM: OpenJDK 64-Bit Server VM (25.202-b03 mixed mode windows-amd64 compressed oops)
Heap:
 PSYoungGen      total 117760K, used 78171K [0x00000000e0000000, 0x00000000e9900000, 0x0000000100000000)
  eden space 94208K, 58% used [0x00000000e0000000,0x00000000e357e688,0x00000000e5c00000)
  from space 23552K, 99% used [0x00000000e5e80000,0x00000000e75585b0,0x00000000e7580000)
  to   space 31232K, 0% used [0x00000000e7a80000,0x00000000e7a80000,0x00000000e9900000)
 ParOldGen       total 90624K, used 34258K [0x00000000a0000000, 0x00000000a5880000, 0x00000000e0000000)
  object space 90624K, 37% used [0x00000000a0000000,0x00000000a2174af8,0x00000000a5880000)
 Metaspace       used 74848K, capacity 78012K, committed 78296K, reserved 1118208K
  class space    used 9735K, capacity 10389K, committed 10496K, reserved 1048576K
GC Heap History (10 events):
Event: 74.855 GC heap before
{Heap before GC invocations=22 (full 3):
 PSYoungGen      total 102912K, used 99417K [0x00000000e0000000, 0x00000000e7b80000, 0x0000000100000000)
  eden space 91648K, 100% used [0x00000000e0000000,0x00000000e5980000,0x00000000e5980000)
  from space 11264K, 68% used [0x00000000e7080000,0x00000000e7816498,0x00000000e7b80000)
  to   space 17408K, 0% used [0x00000000e5980000,0x00000000e5980000,0x00000000e6a80000)
 ParOldGen       total 90624K, used 30749K [0x00000000a0000000, 0x00000000a5880000, 0x00000000e0000000)
  object space 90624K, 33% used [0x00000000a0000000,0x00000000a1e075e8,0x00000000a5880000)
 Metaspace       used 63769K, capacity 65788K, committed 66136K, reserved 1105920K
  class space    used 8547K, capacity 9011K, committed 9088K, reserved 1048576K
Event: 74.899 GC heap after
Heap after GC invocations=22 (full 3):
 PSYoungGen      total 109056K, used 17388K [0x00000000e0000000, 0x00000000e8f80000, 0x0000000100000000)
  eden space 91648K, 0% used [0x00000000e0000000,0x00000000e0000000,0x00000000e5980000)
  from space 17408K, 99% used [0x00000000e5980000,0x00000000e6a7b2d0,0x00000000e6a80000)
  to   space 20992K, 0% used [0x00000000e7b00000,0x00000000e7b00000,0x00000000e8f80000)
 ParOldGen       total 90624K, used 33203K [0x00000000a0000000, 0x00000000a5880000, 0x00000000e0000000)
  object space 90624K, 36% used [0x00000000a0000000,0x00000000a206cf98,0x00000000a5880000)
 Metaspace       used 63769K, capacity 65788K, committed 66136K, reserved 1105920K
  class space    used 8547K, capacity 9011K, committed 9088K, reserved 1048576K
}
Event: 86.914 GC heap before
{Heap before GC invocations=23 (full 3):
 PSYoungGen      total 109056K, used 109036K [0x00000000e0000000, 0x00000000e8f80000, 0x0000000100000000)
  eden space 91648K, 100% used [0x00000000e0000000,0x00000000e5980000,0x00000000e5980000)
  from space 17408K, 99% used [0x00000000e5980000,0x00000000e6a7b2d0,0x00000000e6a80000)
  to   space 20992K, 0% used [0x00000000e7b00000,0x00000000e7b00000,0x00000000e8f80000)
 ParOldGen       total 90624K, used 34226K [0x00000000a0000000, 0x00000000a5880000, 0x00000000e0000000)
  object space 90624K, 37% used [0x00000000a0000000,0x00000000a216caf8,0x00000000a5880000)
 Metaspace       used 65094K, capacity 67080K, committed 67288K, reserved 1107968K
  class space    used 8678K, capacity 9139K, committed 9216K, reserved 1048576K
Event: 86.951 GC heap after
Heap after GC invocations=23 (full 3):
 PSYoungGen      total 124416K, used 16616K [0x00000000e0000000, 0x00000000e9180000, 0x0000000100000000)
  eden space 103424K, 0% used [0x00000000e0000000,0x00000000e0000000,0x00000000e6500000)
  from space 20992K, 79% used [0x00000000e7b00000,0x00000000e8b3a100,0x00000000e8f80000)
  to   space 22528K, 0% used [0x00000000e6500000,0x00000000e6500000,0x00000000e7b00000)
 ParOldGen       total 90624K, used 34234K [0x00000000a0000000, 0x00000000a5880000, 0x00000000e0000000)
  object space 90624K, 37% used [0x00000000a0000000,0x00000000a216eaf8,0x00000000a5880000)
 Metaspace       used 65094K, capacity 67080K, committed 67288K, reserved 1107968K
  class space    used 8678K, capacity 9139K, committed 9216K, reserved 1048576K
}
Event: 1178.066 GC heap before
{Heap before GC invocations=24 (full 3):
 PSYoungGen      total 124416K, used 120040K [0x00000000e0000000, 0x00000000e9180000, 0x0000000100000000)
  eden space 103424K, 100% used [0x00000000e0000000,0x00000000e6500000,0x00000000e6500000)
  from space 20992K, 79% used [0x00000000e7b00000,0x00000000e8b3a100,0x00000000e8f80000)
  to   space 22528K, 0% used [0x00000000e6500000,0x00000000e6500000,0x00000000e7b00000)
 ParOldGen       total 90624K, used 34234K [0x00000000a0000000, 0x00000000a5880000, 0x00000000e0000000)
  object space 90624K, 37% used [0x00000000a0000000,0x00000000a216eaf8,0x00000000a5880000)
 Metaspace       used 70714K, capacity 73282K, committed 73560K, reserved 1114112K
  class space    used 9258K, capacity 9784K, committed 9856K, reserved 1048576K
Event: 1183.213 GC heap after
Heap after GC invocations=24 (full 3):
 PSYoungGen      total 122880K, used 21940K [0x00000000e0000000, 0x00000000e9400000, 0x0000000100000000)
  eden space 100352K, 0% used [0x00000000e0000000,0x00000000e0000000,0x00000000e6200000)
  from space 22528K, 97% used [0x00000000e6500000,0x00000000e7a6d3a0,0x00000000e7b00000)
  to   space 25600K, 0% used [0x00000000e7b00000,0x00000000e7b00000,0x00000000e9400000)
 ParOldGen       total 90624K, used 34242K [0x00000000a0000000, 0x00000000a5880000, 0x00000000e0000000)
  object space 90624K, 37% used [0x00000000a0000000,0x00000000a2170af8,0x00000000a5880000)
 Metaspace       used 70714K, capacity 73282K, committed 73560K, reserved 1114112K
  class space    used 9258K, capacity 9784K, committed 9856K, reserved 1048576K
}
Event: 1229.120 GC heap before
{Heap before GC invocations=25 (full 3):
 PSYoungGen      total 122880K, used 122292K [0x00000000e0000000, 0x00000000e9400000, 0x0000000100000000)
  eden space 100352K, 100% used [0x00000000e0000000,0x00000000e6200000,0x00000000e6200000)
  from space 22528K, 97% used [0x00000000e6500000,0x00000000e7a6d3a0,0x00000000e7b00000)
  to   space 25600K, 0% used [0x00000000e7b00000,0x00000000e7b00000,0x00000000e9400000)
 ParOldGen       total 90624K, used 34242K [0x00000000a0000000, 0x00000000a5880000, 0x00000000e0000000)
  object space 90624K, 37% used [0x00000000a0000000,0x00000000a2170af8,0x00000000a5880000)
 Metaspace       used 73705K, capacity 76636K, committed 76888K, reserved 1116160K
  class space    used 9637K, capacity 10251K, committed 10368K, reserved 1048576K
Event: 1229.237 GC heap after
Heap after GC invocations=25 (full 3):
 PSYoungGen      total 122368K, used 24226K [0x00000000e0000000, 0x00000000e9800000, 0x0000000100000000)
  eden space 96768K, 0% used [0x00000000e0000000,0x00000000e0000000,0x00000000e5e80000)
  from space 25600K, 94% used [0x00000000e7b00000,0x00000000e92a8908,0x00000000e9400000)
  to   space 29184K, 0% used [0x00000000e5e80000,0x00000000e5e80000,0x00000000e7b00000)
 ParOldGen       total 90624K, used 34250K [0x00000000a0000000, 0x00000000a5880000, 0x00000000e0000000)
  object space 90624K, 37% used [0x00000000a0000000,0x00000000a2172af8,0x00000000a5880000)
 Metaspace       used 73705K, capacity 76636K, committed 76888K, reserved 1116160K
  class space    used 9637K, capacity 10251K, committed 10368K, reserved 1048576K
}
Event: 4952.508 GC heap before
{Heap before GC invocations=26 (full 3):
 PSYoungGen      total 122368K, used 120994K [0x00000000e0000000, 0x00000000e9800000, 0x0000000100000000)
  eden space 96768K, 100% used [0x00000000e0000000,0x00000000e5e80000,0x00000000e5e80000)
  from space 25600K, 94% used [0x00000000e7b00000,0x00000000e92a8908,0x00000000e9400000)
  to   space 29184K, 0% used [0x00000000e5e80000,0x00000000e5e80000,0x00000000e7b00000)
 ParOldGen       total 90624K, used 34250K [0x00000000a0000000, 0x00000000a5880000, 0x00000000e0000000)
  object space 90624K, 37% used [0x00000000a0000000,0x00000000a2172af8,0x00000000a5880000)
 Metaspace       used 74666K, capacity 77804K, committed 78040K, reserved 1116160K
  class space    used 9727K, capacity 10387K, committed 10496K, reserved 1048576K
Event: 4958.222 GC heap after
Heap after GC invocations=26 (full 3):
 PSYoungGen      total 117760K, used 23393K [0x00000000e0000000, 0x00000000e9900000, 0x0000000100000000)
  eden space 94208K, 0% used [0x00000000e0000000,0x00000000e0000000,0x00000000e5c00000)
  from space 23552K, 99% used [0x00000000e5e80000,0x00000000e75585b0,0x00000000e7580000)
  to   space 31232K, 0% used [0x00000000e7a80000,0x00000000e7a80000,0x00000000e9900000)
 ParOldGen       total 90624K, used 34258K [0x00000000a0000000, 0x00000000a5880000, 0x00000000e0000000)
  object space 90624K, 37% used [0x00000000a0000000,0x00000000a2174af8,0x00000000a5880000)
 Metaspace       used 74666K, capacity 77804K, committed 78040K, reserved 1116160K
  class space    used 9727K, capacity 10387K, committed 10496K, reserved 1048576K
}

